This file contains any messages produced by compilers while
running configure, to aid debugging if configure makes a mistake.

It was created by network-tests2 configure 2.0.1, which was
generated by GNU Autoconf 2.69.  Invocation command line was

  $ ./configure 

## --------- ##
## Platform. ##
## --------- ##

hostname = algor-laptop
uname -m = x86_64
uname -r = 3.13.0-36-generic
uname -s = Linux
uname -v = #63-Ubuntu SMP Wed Sep 3 21:30:07 UTC 2014

/usr/bin/uname -p = unknown
/bin/uname -X     = unknown

/bin/arch              = unknown
/usr/bin/arch -k       = unknown
/usr/convex/getsysinfo = unknown
/usr/bin/hostinfo      = unknown
/bin/machine           = unknown
/usr/bin/oslevel       = unknown
/bin/universe          = unknown

PATH: /usr/local/sbin
PATH: /usr/local/bin
PATH: /usr/sbin
PATH: /usr/bin
PATH: /sbin
PATH: /bin
PATH: /usr/games
PATH: /usr/local/games


## ----------- ##
## Core tests. ##
## ----------- ##

configure:2342: checking for g++
configure:2358: found /usr/bin/g++
configure:2369: result: g++
configure:2396: checking for C++ compiler version
configure:2405: g++ --version >&5
g++ (Ubuntu 4.8.2-19ubuntu1) 4.8.2
Copyright (C) 2013 Free Software Foundation, Inc.
This is free software; see the source for copying conditions.  There is NO
warranty; not even for MERCHANTABILITY or FITNESS FOR A PARTICULAR PURPOSE.

configure:2416: $? = 0
configure:2405: g++ -v >&5
Using built-in specs.
COLLECT_GCC=g++
COLLECT_LTO_WRAPPER=/usr/lib/gcc/x86_64-linux-gnu/4.8/lto-wrapper
Target: x86_64-linux-gnu
Configured with: ../src/configure -v --with-pkgversion='Ubuntu 4.8.2-19ubuntu1' --with-bugurl=file:///usr/share/doc/gcc-4.8/README.Bugs --enable-languages=c,c++,java,go,d,fortran,objc,obj-c++ --prefix=/usr --program-suffix=-4.8 --enable-shared --enable-linker-build-id --libexecdir=/usr/lib --without-included-gettext --enable-threads=posix --with-gxx-include-dir=/usr/include/c++/4.8 --libdir=/usr/lib --enable-nls --with-sysroot=/ --enable-clocale=gnu --enable-libstdcxx-debug --enable-libstdcxx-time=yes --enable-gnu-unique-object --disable-libmudflap --enable-plugin --with-system-zlib --disable-browser-plugin --enable-java-awt=gtk --enable-gtk-cairo --with-java-home=/usr/lib/jvm/java-1.5.0-gcj-4.8-amd64/jre --enable-java-home --with-jvm-root-dir=/usr/lib/jvm/java-1.5.0-gcj-4.8-amd64 --with-jvm-jar-dir=/usr/lib/jvm-exports/java-1.5.0-gcj-4.8-amd64 --with-arch-directory=amd64 --with-ecj-jar=/usr/share/java/eclipse-ecj.jar --enable-objc-gc --enable-multiarch --disable-werror --with-arch-32=i686 --with-abi=m64 --with-multilib-list=m32,m64,mx32 --with-tune=generic --enable-checking=release --build=x86_64-linux-gnu --host=x86_64-linux-gnu --target=x86_64-linux-gnu
Thread model: posix
gcc version 4.8.2 (Ubuntu 4.8.2-19ubuntu1) 
configure:2416: $? = 0
configure:2405: g++ -V >&5
g++: error: unrecognized command line option '-V'
g++: fatal error: no input files
compilation terminated.
configure:2416: $? = 4
configure:2405: g++ -qversion >&5
g++: error: unrecognized command line option '-qversion'
g++: fatal error: no input files
compilation terminated.
configure:2416: $? = 4
configure:2436: checking whether the C++ compiler works
configure:2458: g++    conftest.cpp  >&5
configure:2462: $? = 0
configure:2510: result: yes
configure:2513: checking for C++ compiler default output file name
configure:2515: result: a.out
configure:2521: checking for suffix of executables
configure:2528: g++ -o conftest    conftest.cpp  >&5
configure:2532: $? = 0
configure:2554: result: 
configure:2576: checking whether we are cross compiling
configure:2584: g++ -o conftest    conftest.cpp  >&5
configure:2588: $? = 0
configure:2595: ./conftest
configure:2599: $? = 0
configure:2614: result: no
configure:2619: checking for suffix of object files
configure:2641: g++ -c   conftest.cpp >&5
configure:2645: $? = 0
configure:2666: result: o
configure:2670: checking whether we are using the GNU C++ compiler
configure:2689: g++ -c   conftest.cpp >&5
configure:2689: $? = 0
configure:2698: result: yes
configure:2707: checking whether g++ accepts -g
configure:2727: g++ -c -g  conftest.cpp >&5
configure:2727: $? = 0
configure:2768: result: yes
configure:2839: checking for gcc
configure:2855: found /usr/bin/gcc
configure:2866: result: gcc
configure:3095: checking for C compiler version
configure:3104: gcc --version >&5
gcc (Ubuntu 4.8.2-19ubuntu1) 4.8.2
Copyright (C) 2013 Free Software Foundation, Inc.
This is free software; see the source for copying conditions.  There is NO
warranty; not even for MERCHANTABILITY or FITNESS FOR A PARTICULAR PURPOSE.

configure:3115: $? = 0
configure:3104: gcc -v >&5
Using built-in specs.
COLLECT_GCC=gcc
COLLECT_LTO_WRAPPER=/usr/lib/gcc/x86_64-linux-gnu/4.8/lto-wrapper
Target: x86_64-linux-gnu
Configured with: ../src/configure -v --with-pkgversion='Ubuntu 4.8.2-19ubuntu1' --with-bugurl=file:///usr/share/doc/gcc-4.8/README.Bugs --enable-languages=c,c++,java,go,d,fortran,objc,obj-c++ --prefix=/usr --program-suffix=-4.8 --enable-shared --enable-linker-build-id --libexecdir=/usr/lib --without-included-gettext --enable-threads=posix --with-gxx-include-dir=/usr/include/c++/4.8 --libdir=/usr/lib --enable-nls --with-sysroot=/ --enable-clocale=gnu --enable-libstdcxx-debug --enable-libstdcxx-time=yes --enable-gnu-unique-object --disable-libmudflap --enable-plugin --with-system-zlib --disable-browser-plugin --enable-java-awt=gtk --enable-gtk-cairo --with-java-home=/usr/lib/jvm/java-1.5.0-gcj-4.8-amd64/jre --enable-java-home --with-jvm-root-dir=/usr/lib/jvm/java-1.5.0-gcj-4.8-amd64 --with-jvm-jar-dir=/usr/lib/jvm-exports/java-1.5.0-gcj-4.8-amd64 --with-arch-directory=amd64 --with-ecj-jar=/usr/share/java/eclipse-ecj.jar --enable-objc-gc --enable-multiarch --disable-werror --with-arch-32=i686 --with-abi=m64 --with-multilib-list=m32,m64,mx32 --with-tune=generic --enable-checking=release --build=x86_64-linux-gnu --host=x86_64-linux-gnu --target=x86_64-linux-gnu
Thread model: posix
gcc version 4.8.2 (Ubuntu 4.8.2-19ubuntu1) 
configure:3115: $? = 0
configure:3104: gcc -V >&5
gcc: error: unrecognized command line option '-V'
gcc: fatal error: no input files
compilation terminated.
configure:3115: $? = 4
configure:3104: gcc -qversion >&5
gcc: error: unrecognized command line option '-qversion'
gcc: fatal error: no input files
compilation terminated.
configure:3115: $? = 4
configure:3119: checking whether we are using the GNU C compiler
configure:3138: gcc -c   conftest.c >&5
configure:3138: $? = 0
configure:3147: result: yes
configure:3156: checking whether gcc accepts -g
configure:3176: gcc -c -g  conftest.c >&5
configure:3176: $? = 0
configure:3217: result: yes
configure:3234: checking for gcc option to accept ISO C89
configure:3297: gcc  -c -g -O2  conftest.c >&5
configure:3297: $? = 0
configure:3310: result: none needed
configure:3331: checking whether ln -s works
configure:3335: result: yes
configure:3385: checking for ranlib
configure:3401: found /usr/bin/ranlib
configure:3412: result: ranlib
configure:3437: checking for mpicc
configure:3453: found /usr/bin/mpicc
configure:3465: result: true
configure:3479: checking for mpicxx
configure:3495: found /usr/bin/mpicxx
configure:3507: result: true
configure:3547: checking for nc_open in -lnetcdf
configure:3572: gcc -o conftest -g -O2   conftest.c -lnetcdf   >&5
/usr/bin/ld: cannot find -lnetcdf
collect2: error: ld returned 1 exit status
configure:3572: $? = 1
configure: failed program was:
| /* confdefs.h */
| #define PACKAGE_NAME "network-tests2"
| #define PACKAGE_TARNAME "network-tests2"
| #define PACKAGE_VERSION "2.0.1"
| #define PACKAGE_STRING "network-tests2 2.0.1"
| #define PACKAGE_BUGREPORT "Alexey Salnikov <salnikov@cs.msu.ru>"
| #define PACKAGE_URL ""
| /* end confdefs.h.  */
| 
| /* Override any GCC internal prototype to avoid an error.
|    Use char because int might match the return type of a GCC
|    builtin and then its argument prototype would still apply.  */
| #ifdef __cplusplus
| extern "C"
| #endif
| char nc_open ();
| int
| main ()
| {
| return nc_open ();
|   ;
|   return 0;
| }
configure:3581: result: no
configure:3601: checking how to run the C preprocessor
configure:3632: gcc -E  conftest.c
configure:3632: $? = 0
configure:3646: gcc -E  conftest.c
conftest.c:9:28: fatal error: ac_nonexistent.h: No such file or directory
 #include <ac_nonexistent.h>
                            ^
compilation terminated.
configure:3646: $? = 1
configure: failed program was:
| /* confdefs.h */
| #define PACKAGE_NAME "network-tests2"
| #define PACKAGE_TARNAME "network-tests2"
| #define PACKAGE_VERSION "2.0.1"
| #define PACKAGE_STRING "network-tests2 2.0.1"
| #define PACKAGE_BUGREPORT "Alexey Salnikov <salnikov@cs.msu.ru>"
| #define PACKAGE_URL ""
| /* end confdefs.h.  */
| #include <ac_nonexistent.h>
configure:3671: result: gcc -E
configure:3691: gcc -E  conftest.c
configure:3691: $? = 0
configure:3705: gcc -E  conftest.c
conftest.c:9:28: fatal error: ac_nonexistent.h: No such file or directory
 #include <ac_nonexistent.h>
                            ^
compilation terminated.
configure:3705: $? = 1
configure: failed program was:
| /* confdefs.h */
| #define PACKAGE_NAME "network-tests2"
| #define PACKAGE_TARNAME "network-tests2"
| #define PACKAGE_VERSION "2.0.1"
| #define PACKAGE_STRING "network-tests2 2.0.1"
| #define PACKAGE_BUGREPORT "Alexey Salnikov <salnikov@cs.msu.ru>"
| #define PACKAGE_URL ""
| /* end confdefs.h.  */
| #include <ac_nonexistent.h>
configure:3734: checking for grep that handles long lines and -e
configure:3792: result: /bin/grep
configure:3797: checking for egrep
configure:3859: result: /bin/grep -E
configure:3864: checking for ANSI C header files
configure:3884: gcc -c -g -O2  conftest.c >&5
configure:3884: $? = 0
configure:3957: gcc -o conftest -g -O2   conftest.c  >&5
configure:3957: $? = 0
configure:3957: ./conftest
configure:3957: $? = 0
configure:3968: result: yes
configure:3981: checking for sys/types.h
configure:3981: gcc -c -g -O2  conftest.c >&5
configure:3981: $? = 0
configure:3981: result: yes
configure:3981: checking for sys/stat.h
configure:3981: gcc -c -g -O2  conftest.c >&5
configure:3981: $? = 0
configure:3981: result: yes
configure:3981: checking for stdlib.h
configure:3981: gcc -c -g -O2  conftest.c >&5
configure:3981: $? = 0
configure:3981: result: yes
configure:3981: checking for string.h
configure:3981: gcc -c -g -O2  conftest.c >&5
configure:3981: $? = 0
configure:3981: result: yes
configure:3981: checking for memory.h
configure:3981: gcc -c -g -O2  conftest.c >&5
configure:3981: $? = 0
configure:3981: result: yes
configure:3981: checking for strings.h
configure:3981: gcc -c -g -O2  conftest.c >&5
configure:3981: $? = 0
configure:3981: result: yes
configure:3981: checking for inttypes.h
configure:3981: gcc -c -g -O2  conftest.c >&5
configure:3981: $? = 0
configure:3981: result: yes
configure:3981: checking for stdint.h
configure:3981: gcc -c -g -O2  conftest.c >&5
configure:3981: $? = 0
configure:3981: result: yes
configure:3981: checking for unistd.h
configure:3981: gcc -c -g -O2  conftest.c >&5
configure:3981: $? = 0
configure:3981: result: yes
configure:3996: checking for stdlib.h
configure:3996: result: yes
configure:3996: checking for string.h
configure:3996: result: yes
configure:3996: checking sys/time.h usability
configure:3996: gcc -c -g -O2  conftest.c >&5
configure:3996: $? = 0
configure:3996: result: yes
configure:3996: checking sys/time.h presence
configure:3996: gcc -E  conftest.c
configure:3996: $? = 0
configure:3996: result: yes
configure:3996: checking for sys/time.h
configure:3996: result: yes
configure:3996: checking for unistd.h
configure:3996: result: yes
configure:4008: checking for stdbool.h that conforms to C99
configure:4075: gcc -c -g -O2  conftest.c >&5
configure:4075: $? = 0
configure:4082: result: yes
configure:4084: checking for _Bool
configure:4084: gcc -c -g -O2  conftest.c >&5
configure:4084: $? = 0
configure:4084: gcc -c -g -O2  conftest.c >&5
conftest.c: In function 'main':
conftest.c:59:20: error: expected expression before ')' token
 if (sizeof ((_Bool)))
                    ^
configure:4084: $? = 1
configure: failed program was:
| /* confdefs.h */
| #define PACKAGE_NAME "network-tests2"
| #define PACKAGE_TARNAME "network-tests2"
| #define PACKAGE_VERSION "2.0.1"
| #define PACKAGE_STRING "network-tests2 2.0.1"
| #define PACKAGE_BUGREPORT "Alexey Salnikov <salnikov@cs.msu.ru>"
| #define PACKAGE_URL ""
| #define STDC_HEADERS 1
| #define HAVE_SYS_TYPES_H 1
| #define HAVE_SYS_STAT_H 1
| #define HAVE_STDLIB_H 1
| #define HAVE_STRING_H 1
| #define HAVE_MEMORY_H 1
| #define HAVE_STRINGS_H 1
| #define HAVE_INTTYPES_H 1
| #define HAVE_STDINT_H 1
| #define HAVE_UNISTD_H 1
| #define HAVE_STDLIB_H 1
| #define HAVE_STRING_H 1
| #define HAVE_SYS_TIME_H 1
| #define HAVE_UNISTD_H 1
| /* end confdefs.h.  */
| #include <stdio.h>
| #ifdef HAVE_SYS_TYPES_H
| # include <sys/types.h>
| #endif
| #ifdef HAVE_SYS_STAT_H
| # include <sys/stat.h>
| #endif
| #ifdef STDC_HEADERS
| # include <stdlib.h>
| # include <stddef.h>
| #else
| # ifdef HAVE_STDLIB_H
| #  include <stdlib.h>
| # endif
| #endif
| #ifdef HAVE_STRING_H
| # if !defined STDC_HEADERS && defined HAVE_MEMORY_H
| #  include <memory.h>
| # endif
| # include <string.h>
| #endif
| #ifdef HAVE_STRINGS_H
| # include <strings.h>
| #endif
| #ifdef HAVE_INTTYPES_H
| # include <inttypes.h>
| #endif
| #ifdef HAVE_STDINT_H
| # include <stdint.h>
| #endif
| #ifdef HAVE_UNISTD_H
| # include <unistd.h>
| #endif
| int
| main ()
| {
| if (sizeof ((_Bool)))
| 	    return 0;
|   ;
|   return 0;
| }
configure:4084: result: yes
configure:4095: checking for inline
configure:4111: gcc -c -g -O2  conftest.c >&5
configure:4111: $? = 0
configure:4119: result: inline
configure:4137: checking for size_t
configure:4137: gcc -c -g -O2  conftest.c >&5
configure:4137: $? = 0
configure:4137: gcc -c -g -O2  conftest.c >&5
conftest.c: In function 'main':
conftest.c:60:21: error: expected expression before ')' token
 if (sizeof ((size_t)))
                     ^
configure:4137: $? = 1
configure: failed program was:
| /* confdefs.h */
| #define PACKAGE_NAME "network-tests2"
| #define PACKAGE_TARNAME "network-tests2"
| #define PACKAGE_VERSION "2.0.1"
| #define PACKAGE_STRING "network-tests2 2.0.1"
| #define PACKAGE_BUGREPORT "Alexey Salnikov <salnikov@cs.msu.ru>"
| #define PACKAGE_URL ""
| #define STDC_HEADERS 1
| #define HAVE_SYS_TYPES_H 1
| #define HAVE_SYS_STAT_H 1
| #define HAVE_STDLIB_H 1
| #define HAVE_STRING_H 1
| #define HAVE_MEMORY_H 1
| #define HAVE_STRINGS_H 1
| #define HAVE_INTTYPES_H 1
| #define HAVE_STDINT_H 1
| #define HAVE_UNISTD_H 1
| #define HAVE_STDLIB_H 1
| #define HAVE_STRING_H 1
| #define HAVE_SYS_TIME_H 1
| #define HAVE_UNISTD_H 1
| #define HAVE__BOOL 1
| /* end confdefs.h.  */
| #include <stdio.h>
| #ifdef HAVE_SYS_TYPES_H
| # include <sys/types.h>
| #endif
| #ifdef HAVE_SYS_STAT_H
| # include <sys/stat.h>
| #endif
| #ifdef STDC_HEADERS
| # include <stdlib.h>
| # include <stddef.h>
| #else
| # ifdef HAVE_STDLIB_H
| #  include <stdlib.h>
| # endif
| #endif
| #ifdef HAVE_STRING_H
| # if !defined STDC_HEADERS && defined HAVE_MEMORY_H
| #  include <memory.h>
| # endif
| # include <string.h>
| #endif
| #ifdef HAVE_STRINGS_H
| # include <strings.h>
| #endif
| #ifdef HAVE_INTTYPES_H
| # include <inttypes.h>
| #endif
| #ifdef HAVE_STDINT_H
| # include <stdint.h>
| #endif
| #ifdef HAVE_UNISTD_H
| # include <unistd.h>
| #endif
| int
| main ()
| {
| if (sizeof ((size_t)))
| 	    return 0;
|   ;
|   return 0;
| }
configure:4137: result: yes
configure:4152: checking for stdlib.h
configure:4152: result: yes
configure:4162: checking for GNU libc compatible malloc
configure:4186: gcc -o conftest -g -O2   conftest.c  >&5
configure:4186: $? = 0
configure:4186: ./conftest
configure:4186: $? = 0
configure:4196: result: yes
configure:4219: checking for stdlib.h
configure:4219: result: yes
configure:4229: checking for GNU libc compatible realloc
configure:4253: gcc -o conftest -g -O2   conftest.c  >&5
configure:4253: $? = 0
configure:4253: ./conftest
configure:4253: $? = 0
configure:4263: result: yes
configure:4284: checking for working strtod
configure:4325: gcc -o conftest -g -O2   conftest.c  >&5
configure:4325: $? = 0
configure:4325: ./conftest
configure:4325: $? = 0
configure:4335: result: yes
configure:4400: checking for clock_gettime
configure:4400: gcc -o conftest -g -O2   conftest.c  >&5
configure:4400: $? = 0
configure:4400: result: yes
configure:4400: checking for floor
configure:4400: gcc -o conftest -g -O2   conftest.c  >&5
conftest.c:52:6: warning: conflicting types for built-in function 'floor' [enabled by default]
 char floor ();
      ^
/tmp/ccpLqjOA.o: In function `main':
/home/algor/Documents/Work/NetworkLatency/network-tests2/conftest.c:63: undefined reference to `floor'
collect2: error: ld returned 1 exit status
configure:4400: $? = 1
configure: failed program was:
| /* confdefs.h */
| #define PACKAGE_NAME "network-tests2"
| #define PACKAGE_TARNAME "network-tests2"
| #define PACKAGE_VERSION "2.0.1"
| #define PACKAGE_STRING "network-tests2 2.0.1"
| #define PACKAGE_BUGREPORT "Alexey Salnikov <salnikov@cs.msu.ru>"
| #define PACKAGE_URL ""
| #define STDC_HEADERS 1
| #define HAVE_SYS_TYPES_H 1
| #define HAVE_SYS_STAT_H 1
| #define HAVE_STDLIB_H 1
| #define HAVE_STRING_H 1
| #define HAVE_MEMORY_H 1
| #define HAVE_STRINGS_H 1
| #define HAVE_INTTYPES_H 1
| #define HAVE_STDINT_H 1
| #define HAVE_UNISTD_H 1
| #define HAVE_STDLIB_H 1
| #define HAVE_STRING_H 1
| #define HAVE_SYS_TIME_H 1
| #define HAVE_UNISTD_H 1
| #define HAVE__BOOL 1
| #define HAVE_STDLIB_H 1
| #define HAVE_MALLOC 1
| #define HAVE_STDLIB_H 1
| #define HAVE_REALLOC 1
| #define HAVE_CLOCK_GETTIME 1
| /* end confdefs.h.  */
| /* Define floor to an innocuous variant, in case <limits.h> declares floor.
|    For example, HP-UX 11i <limits.h> declares gettimeofday.  */
| #define floor innocuous_floor
| 
| /* System header to define __stub macros and hopefully few prototypes,
|     which can conflict with char floor (); below.
|     Prefer <limits.h> to <assert.h> if __STDC__ is defined, since
|     <limits.h> exists even on freestanding compilers.  */
| 
| #ifdef __STDC__
| # include <limits.h>
| #else
| # include <assert.h>
| #endif
| 
| #undef floor
| 
| /* Override any GCC internal prototype to avoid an error.
|    Use char because int might match the return type of a GCC
|    builtin and then its argument prototype would still apply.  */
| #ifdef __cplusplus
| extern "C"
| #endif
| char floor ();
| /* The GNU C library defines this for functions which it implements
|     to always fail with ENOSYS.  Some functions are actually named
|     something starting with __ and the normal name is an alias.  */
| #if defined __stub_floor || defined __stub___floor
| choke me
| #endif
| 
| int
| main ()
| {
| return floor ();
|   ;
|   return 0;
| }
configure:4400: result: no
configure:4400: checking for gethostname
configure:4400: gcc -o conftest -g -O2   conftest.c  >&5
configure:4400: $? = 0
configure:4400: result: yes
configure:4400: checking for gettimeofday
configure:4400: gcc -o conftest -g -O2   conftest.c  >&5
configure:4400: $? = 0
configure:4400: result: yes
configure:4400: checking for localeconv
configure:4400: gcc -o conftest -g -O2   conftest.c  >&5
configure:4400: $? = 0
configure:4400: result: yes
configure:4400: checking for memset
configure:4400: gcc -o conftest -g -O2   conftest.c  >&5
conftest.c:55:6: warning: conflicting types for built-in function 'memset' [enabled by default]
 char memset ();
      ^
configure:4400: $? = 0
configure:4400: result: yes
configure:4400: checking for sqrt
configure:4400: gcc -o conftest -g -O2   conftest.c  >&5
conftest.c:56:6: warning: conflicting types for built-in function 'sqrt' [enabled by default]
 char sqrt ();
      ^
/tmp/cctra1FY.o: In function `main':
/home/algor/Documents/Work/NetworkLatency/network-tests2/conftest.c:67: undefined reference to `sqrt'
collect2: error: ld returned 1 exit status
configure:4400: $? = 1
configure: failed program was:
| /* confdefs.h */
| #define PACKAGE_NAME "network-tests2"
| #define PACKAGE_TARNAME "network-tests2"
| #define PACKAGE_VERSION "2.0.1"
| #define PACKAGE_STRING "network-tests2 2.0.1"
| #define PACKAGE_BUGREPORT "Alexey Salnikov <salnikov@cs.msu.ru>"
| #define PACKAGE_URL ""
| #define STDC_HEADERS 1
| #define HAVE_SYS_TYPES_H 1
| #define HAVE_SYS_STAT_H 1
| #define HAVE_STDLIB_H 1
| #define HAVE_STRING_H 1
| #define HAVE_MEMORY_H 1
| #define HAVE_STRINGS_H 1
| #define HAVE_INTTYPES_H 1
| #define HAVE_STDINT_H 1
| #define HAVE_UNISTD_H 1
| #define HAVE_STDLIB_H 1
| #define HAVE_STRING_H 1
| #define HAVE_SYS_TIME_H 1
| #define HAVE_UNISTD_H 1
| #define HAVE__BOOL 1
| #define HAVE_STDLIB_H 1
| #define HAVE_MALLOC 1
| #define HAVE_STDLIB_H 1
| #define HAVE_REALLOC 1
| #define HAVE_CLOCK_GETTIME 1
| #define HAVE_GETHOSTNAME 1
| #define HAVE_GETTIMEOFDAY 1
| #define HAVE_LOCALECONV 1
| #define HAVE_MEMSET 1
| /* end confdefs.h.  */
| /* Define sqrt to an innocuous variant, in case <limits.h> declares sqrt.
|    For example, HP-UX 11i <limits.h> declares gettimeofday.  */
| #define sqrt innocuous_sqrt
| 
| /* System header to define __stub macros and hopefully few prototypes,
|     which can conflict with char sqrt (); below.
|     Prefer <limits.h> to <assert.h> if __STDC__ is defined, since
|     <limits.h> exists even on freestanding compilers.  */
| 
| #ifdef __STDC__
| # include <limits.h>
| #else
| # include <assert.h>
| #endif
| 
| #undef sqrt
| 
| /* Override any GCC internal prototype to avoid an error.
|    Use char because int might match the return type of a GCC
|    builtin and then its argument prototype would still apply.  */
| #ifdef __cplusplus
| extern "C"
| #endif
| char sqrt ();
| /* The GNU C library defines this for functions which it implements
|     to always fail with ENOSYS.  Some functions are actually named
|     something starting with __ and the normal name is an alias.  */
| #if defined __stub_sqrt || defined __stub___sqrt
| choke me
| #endif
| 
| int
| main ()
| {
| return sqrt ();
|   ;
|   return 0;
| }
configure:4400: result: no
configure:4400: checking for strchr
configure:4400: gcc -o conftest -g -O2   conftest.c  >&5
conftest.c:56:6: warning: conflicting types for built-in function 'strchr' [enabled by default]
 char strchr ();
      ^
configure:4400: $? = 0
configure:4400: result: yes
configure:4400: checking for strstr
configure:4400: gcc -o conftest -g -O2   conftest.c  >&5
conftest.c:57:6: warning: conflicting types for built-in function 'strstr' [enabled by default]
 char strstr ();
      ^
configure:4400: $? = 0
configure:4400: result: yes
configure:4562: creating ./config.status

## ---------------------- ##
## Running config.status. ##
## ---------------------- ##

This file was extended by network-tests2 config.status 2.0.1, which was
generated by GNU Autoconf 2.69.  Invocation command line was

  CONFIG_FILES    = 
  CONFIG_HEADERS  = 
  CONFIG_LINKS    = 
  CONFIG_COMMANDS = 
  $ ./config.status 

on algor-laptop

config.status:743: creating config
config.status:743: creating Makefile

## ---------------- ##
## Cache variables. ##
## ---------------- ##

ac_cv_c_compiler_gnu=yes
ac_cv_c_inline=inline
ac_cv_cxx_compiler_gnu=yes
ac_cv_env_ANT_set=
ac_cv_env_ANT_value=
ac_cv_env_CCC_set=
ac_cv_env_CCC_value=
ac_cv_env_CC_set=
ac_cv_env_CC_value=
ac_cv_env_CFLAGS_set=
ac_cv_env_CFLAGS_value=
ac_cv_env_CPPFLAGS_set=
ac_cv_env_CPPFLAGS_value=
ac_cv_env_CPP_set=
ac_cv_env_CPP_value=
ac_cv_env_CXXFLAGS_set=
ac_cv_env_CXXFLAGS_value=
ac_cv_env_CXX_set=
ac_cv_env_CXX_value=
ac_cv_env_JAR_set=
ac_cv_env_JAR_value=
ac_cv_env_JAVAC_set=
ac_cv_env_JAVAC_value=
ac_cv_env_LDFLAGS_set=
ac_cv_env_LDFLAGS_value=
ac_cv_env_LIBS_set=
ac_cv_env_LIBS_value=
ac_cv_env_MPICC_set=
ac_cv_env_MPICC_value=
ac_cv_env_MPICXX_set=
ac_cv_env_MPICXX_value=
ac_cv_env_MPI_CFLAGS_set=
ac_cv_env_MPI_CFLAGS_value=
ac_cv_env_MPI_CXXFLAGS_set=
ac_cv_env_MPI_CXXFLAGS_value=
ac_cv_env_MPI_LDFLAGS_set=
ac_cv_env_MPI_LDFLAGS_value=
ac_cv_env_MPI_LIBS_set=
ac_cv_env_MPI_LIBS_value=
ac_cv_env_build_alias_set=
ac_cv_env_build_alias_value=
ac_cv_env_host_alias_set=
ac_cv_env_host_alias_value=
ac_cv_env_target_alias_set=
ac_cv_env_target_alias_value=
ac_cv_func_clock_gettime=yes
ac_cv_func_floor=no
ac_cv_func_gethostname=yes
ac_cv_func_gettimeofday=yes
ac_cv_func_localeconv=yes
ac_cv_func_malloc_0_nonnull=yes
ac_cv_func_memset=yes
ac_cv_func_realloc_0_nonnull=yes
ac_cv_func_sqrt=no
ac_cv_func_strchr=yes
ac_cv_func_strstr=yes
ac_cv_func_strtod=yes
ac_cv_header_inttypes_h=yes
ac_cv_header_memory_h=yes
ac_cv_header_stdbool_h=yes
ac_cv_header_stdc=yes
ac_cv_header_stdint_h=yes
ac_cv_header_stdlib_h=yes
ac_cv_header_string_h=yes
ac_cv_header_strings_h=yes
ac_cv_header_sys_stat_h=yes
ac_cv_header_sys_time_h=yes
ac_cv_header_sys_types_h=yes
ac_cv_header_unistd_h=yes
ac_cv_lib_netcdf_nc_open=no
ac_cv_objext=o
ac_cv_path_EGREP='/bin/grep -E'
ac_cv_path_GREP=/bin/grep
ac_cv_prog_CPP='gcc -E'
ac_cv_prog_HAVE_MPICC=true
ac_cv_prog_HAVE_MPICXX=true
ac_cv_prog_ac_ct_CC=gcc
ac_cv_prog_ac_ct_CXX=g++
ac_cv_prog_ac_ct_RANLIB=ranlib
ac_cv_prog_cc_c89=
ac_cv_prog_cc_g=yes
ac_cv_prog_cxx_g=yes
ac_cv_type__Bool=yes
ac_cv_type_size_t=yes

## ----------------- ##
## Output variables. ##
## ----------------- ##

ANT='ant'
CC='gcc'
CFLAGS='-g -O2'
CPP='gcc -E'
CPPFLAGS=''
CXX='g++'
CXXFLAGS='-g -O2'
DEFS='-DPACKAGE_NAME=\"network-tests2\" -DPACKAGE_TARNAME=\"network-tests2\" -DPACKAGE_VERSION=\"2.0.1\" -DPACKAGE_STRING=\"network-tests2\ 2.0.1\" -DPACKAGE_BUGREPORT=\"Alexey\ Salnikov\ \<salnikov@cs.msu.ru\>\" -DPACKAGE_URL=\"\" -DSTDC_HEADERS=1 -DHAVE_SYS_TYPES_H=1 -DHAVE_SYS_STAT_H=1 -DHAVE_STDLIB_H=1 -DHAVE_STRING_H=1 -DHAVE_MEMORY_H=1 -DHAVE_STRINGS_H=1 -DHAVE_INTTYPES_H=1 -DHAVE_STDINT_H=1 -DHAVE_UNISTD_H=1 -DHAVE_STDLIB_H=1 -DHAVE_STRING_H=1 -DHAVE_SYS_TIME_H=1 -DHAVE_UNISTD_H=1 -DHAVE__BOOL=1 -DHAVE_STDLIB_H=1 -DHAVE_MALLOC=1 -DHAVE_STDLIB_H=1 -DHAVE_REALLOC=1 -DHAVE_CLOCK_GETTIME=1 -DHAVE_GETHOSTNAME=1 -DHAVE_GETTIMEOFDAY=1 -DHAVE_LOCALECONV=1 -DHAVE_MEMSET=1 -DHAVE_STRCHR=1 -DHAVE_STRSTR=1'
ECHO_C=''
ECHO_N='-n'
ECHO_T=''
EGREP='/bin/grep -E'
EXEEXT=''
GREP='/bin/grep'
HAVE_MPICC='true'
HAVE_MPICXX='true'
JAR='jar'
JAVAC='javac'
LDFLAGS=''
LIBOBJS=''
LIBS=''
LN_S='ln -s'
LTLIBOBJS=''
MPICC='mpicc'
MPICXX='mpicxx'
MPI_CFLAGS='-g -O2'
MPI_CXXFLAGS='-g -O2'
MPI_LDFLAGS=''
MPI_LIBS=''
OBJEXT='o'
PACKAGE_BUGREPORT='Alexey Salnikov <salnikov@cs.msu.ru>'
PACKAGE_NAME='network-tests2'
PACKAGE_STRING='network-tests2 2.0.1'
PACKAGE_TARNAME='network-tests2'
PACKAGE_URL=''
PACKAGE_VERSION='2.0.1'
PATH_SEPARATOR=':'
POW_LIB=''
RANLIB='ranlib'
SHELL='/bin/bash'
ac_ct_CC='gcc'
ac_ct_CXX='g++'
bindir='${exec_prefix}/bin'
build_alias=''
datadir='${datarootdir}'
datarootdir='${prefix}/share'
docdir='${datarootdir}/doc/${PACKAGE_TARNAME}'
dvidir='${docdir}'
exec_prefix='${prefix}'
host_alias=''
htmldir='${docdir}'
includedir='${prefix}/include'
infodir='${datarootdir}/info'
libdir='${exec_prefix}/lib'
libexecdir='${exec_prefix}/libexec'
localedir='${datarootdir}/locale'
localstatedir='${prefix}/var'
mandir='${datarootdir}/man'
oldincludedir='/usr/include'
pdfdir='${docdir}'
prefix='/home/algor/network_tests-2.0.1'
program_transform_name='s,x,x,'
psdir='${docdir}'
sbindir='${exec_prefix}/sbin'
sharedstatedir='${prefix}/com'
sysconfdir='${prefix}/etc'
target_alias=''

## ----------- ##
## confdefs.h. ##
## ----------- ##

/* confdefs.h */
#define PACKAGE_NAME "network-tests2"
#define PACKAGE_TARNAME "network-tests2"
#define PACKAGE_VERSION "2.0.1"
#define PACKAGE_STRING "network-tests2 2.0.1"
#define PACKAGE_BUGREPORT "Alexey Salnikov <salnikov@cs.msu.ru>"
#define PACKAGE_URL ""
#define STDC_HEADERS 1
#define HAVE_SYS_TYPES_H 1
#define HAVE_SYS_STAT_H 1
#define HAVE_STDLIB_H 1
#define HAVE_STRING_H 1
#define HAVE_MEMORY_H 1
#define HAVE_STRINGS_H 1
#define HAVE_INTTYPES_H 1
#define HAVE_STDINT_H 1
#define HAVE_UNISTD_H 1
#define HAVE_STDLIB_H 1
#define HAVE_STRING_H 1
#define HAVE_SYS_TIME_H 1
#define HAVE_UNISTD_H 1
#define HAVE__BOOL 1
#define HAVE_STDLIB_H 1
#define HAVE_MALLOC 1
#define HAVE_STDLIB_H 1
#define HAVE_REALLOC 1
#define HAVE_CLOCK_GETTIME 1
#define HAVE_GETHOSTNAME 1
#define HAVE_GETTIMEOFDAY 1
#define HAVE_LOCALECONV 1
#define HAVE_MEMSET 1
#define HAVE_STRCHR 1
#define HAVE_STRSTR 1

configure: exit 0
